[0.010s] Invoking command in '/home/farelfebryan/workspace/build/tugas3': CMAKE_PREFIX_PATH=${CMAKE_PREFIX_PATH}:/opt/ros/humble /usr/bin/cmake --build /home/farelfebryan/workspace/build/tugas3 -- -j8 -l8
[0.050s] [35m[1mConsolidate compiler generated dependencies of target turtle_draw[0m
[0.066s] [ 50%] [32mBuilding CXX object CMakeFiles/turtle_draw.dir/src/turtle_draw.cpp.o[0m
[4.823s] [100%] [32m[1mLinking CXX executable turtle_draw[0m
[5.021s] [100%] Built target turtle_draw
[5.031s] Invoked command in '/home/farelfebryan/workspace/build/tugas3' returned '0': CMAKE_PREFIX_PATH=${CMAKE_PREFIX_PATH}:/opt/ros/humble /usr/bin/cmake --build /home/farelfebryan/workspace/build/tugas3 -- -j8 -l8
[5.064s] Invoking command in '/home/farelfebryan/workspace/build/tugas3': CMAKE_PREFIX_PATH=${CMAKE_PREFIX_PATH}:/opt/ros/humble /usr/bin/cmake --install /home/farelfebryan/workspace/build/tugas3
[5.070s] -- Install configuration: ""
[5.070s] -- Installing: /home/farelfebryan/workspace/install/tugas3/lib/tugas3/turtle_draw
[5.071s] -- Set runtime path of "/home/farelfebryan/workspace/install/tugas3/lib/tugas3/turtle_draw" to ""
[5.072s] -- Up-to-date: /home/farelfebryan/workspace/install/tugas3/share/ament_index/resource_index/package_run_dependencies/tugas3
[5.072s] -- Up-to-date: /home/farelfebryan/workspace/install/tugas3/share/ament_index/resource_index/parent_prefix_path/tugas3
[5.072s] -- Up-to-date: /home/farelfebryan/workspace/install/tugas3/share/tugas3/environment/ament_prefix_path.sh
[5.072s] -- Up-to-date: /home/farelfebryan/workspace/install/tugas3/share/tugas3/environment/ament_prefix_path.dsv
[5.072s] -- Up-to-date: /home/farelfebryan/workspace/install/tugas3/share/tugas3/environment/path.sh
[5.072s] -- Up-to-date: /home/farelfebryan/workspace/install/tugas3/share/tugas3/environment/path.dsv
[5.072s] -- Up-to-date: /home/farelfebryan/workspace/install/tugas3/share/tugas3/local_setup.bash
[5.072s] -- Up-to-date: /home/farelfebryan/workspace/install/tugas3/share/tugas3/local_setup.sh
[5.073s] -- Up-to-date: /home/farelfebryan/workspace/install/tugas3/share/tugas3/local_setup.zsh
[5.073s] -- Up-to-date: /home/farelfebryan/workspace/install/tugas3/share/tugas3/local_setup.dsv
[5.073s] -- Installing: /home/farelfebryan/workspace/install/tugas3/share/tugas3/package.dsv
[5.073s] -- Up-to-date: /home/farelfebryan/workspace/install/tugas3/share/ament_index/resource_index/packages/tugas3
[5.073s] -- Up-to-date: /home/farelfebryan/workspace/install/tugas3/share/tugas3/cmake/tugas3Config.cmake
[5.073s] -- Up-to-date: /home/farelfebryan/workspace/install/tugas3/share/tugas3/cmake/tugas3Config-version.cmake
[5.073s] -- Up-to-date: /home/farelfebryan/workspace/install/tugas3/share/tugas3/package.xml
[5.075s] Invoked command in '/home/farelfebryan/workspace/build/tugas3' returned '0': CMAKE_PREFIX_PATH=${CMAKE_PREFIX_PATH}:/opt/ros/humble /usr/bin/cmake --install /home/farelfebryan/workspace/build/tugas3
