[0.011s] Invoking command in '/home/farelfebryan/workspace/build/tugas3': CMAKE_PREFIX_PATH=${CMAKE_PREFIX_PATH}:/opt/ros/humble /usr/bin/cmake --build /home/farelfebryan/workspace/build/tugas3 -- -j8 -l8
[0.047s] [35m[1mConsolidate compiler generated dependencies of target turtle_draw[0m
[0.062s] [ 50%] [32mBuilding CXX object CMakeFiles/turtle_draw.dir/src/turtle_draw.cpp.o[0m
[2.427s] [01m[K/home/farelfebryan/workspace/src/tugas3/src/turtle_draw.cpp:131:36:[m[K [01;31m[Kerror: [m[K‘[01m[KSetPen[m[K’ is not a member of ‘[01m[Kturtlesim::srv[m[K’
[2.427s]   131 |     rclcpp::Client<turtlesim::srv::[01;31m[KSetPen[m[K>::SharedPtr setPen;
[2.427s]       |                                    [01;31m[K^~~~~~[m[K
[2.427s] [01m[K/home/farelfebryan/workspace/src/tugas3/src/turtle_draw.cpp:131:42:[m[K [01;31m[Kerror: [m[Ktemplate argument 1 is invalid
[2.427s]   131 |     rclcpp::Client<turtlesim::srv::SetPen[01;31m[K>[m[K::SharedPtr setPen;
[2.427s]       |                                          [01;31m[K^[m[K
[2.428s] [01m[K/home/farelfebryan/workspace/src/tugas3/src/turtle_draw.cpp:131:45:[m[K [01;31m[Kerror: [m[Kexpected ‘[01m[K;[m[K’ at end of member declaration
[2.428s]   131 |     rclcpp::Client<turtlesim::srv::SetPen>::[01;31m[KSharedPtr[m[K setPen;
[2.428s]       |                                             [01;31m[K^~~~~~~~~[m[K
[2.428s]       |                                                      [32m[K;[m[K
[2.428s] [01m[K/home/farelfebryan/workspace/src/tugas3/src/turtle_draw.cpp:131:55:[m[K [01;31m[Kerror: [m[K‘[01m[KsetPen[m[K’ does not name a type
[2.428s]   131 |     rclcpp::Client<turtlesim::srv::SetPen>::SharedPtr [01;31m[KsetPen[m[K;
[2.429s]       |                                                       [01;31m[K^~~~~~[m[K
[2.439s] [01m[K/home/farelfebryan/workspace/src/tugas3/src/turtle_draw.cpp:[m[K In constructor ‘[01m[KVerticalLinear::VerticalLinear()[m[K’:
[2.439s] [01m[K/home/farelfebryan/workspace/src/tugas3/src/turtle_draw.cpp:16:5:[m[K [01;31m[Kerror: [m[K‘[01m[KkillTurtle[m[K’ was not declared in this scope
[2.439s]    16 |     [01;31m[KkillTurtle[m[K = this->create_client<turtlesim::srv::Kill>("/kill");
[2.439s]       |     [01;31m[K^~~~~~~~~~[m[K
[2.439s] [01m[K/home/farelfebryan/workspace/src/tugas3/src/turtle_draw.cpp:16:54:[m[K [01;31m[Kerror: [m[K‘[01m[KKill[m[K’ is not a member of ‘[01m[Kturtlesim::srv[m[K’
[2.439s]    16 |     killTurtle = this->create_client<turtlesim::srv::[01;31m[KKill[m[K>("/kill");
[2.439s]       |                                                      [01;31m[K^~~~[m[K
[2.439s] [01m[K/home/farelfebryan/workspace/src/tugas3/src/turtle_draw.cpp:16:59:[m[K [01;31m[Kerror: [m[Kno matching function for call to ‘[01m[KVerticalLinear::create_client<<expression error> >(const char [6])[m[K’
[2.439s]    16 |     killTurtle = [01;31m[Kthis->create_client<turtlesim::srv::Kill>("/kill")[m[K;
[2.440s]       |                  [01;31m[K~~~~~~~~~~~~~~~~~~~~~~~~~~~~~~~~~~~~~~~~~^~~~~~~~~[m[K
[2.440s] In file included from [01m[K/opt/ros/humble/include/rclcpp/rclcpp/executors/single_threaded_executor.hpp:28[m[K,
[2.440s]                  from [01m[K/opt/ros/humble/include/rclcpp/rclcpp/executors.hpp:22[m[K,
[2.440s]                  from [01m[K/opt/ros/humble/include/rclcpp/rclcpp/rclcpp.hpp:155[m[K,
[2.440s]                  from [01m[K/home/farelfebryan/workspace/src/tugas3/src/turtle_draw.cpp:1[m[K:
[2.440s] [01m[K/opt/ros/humble/include/rclcpp/rclcpp/node.hpp:252:3:[m[K [01;36m[Knote: [m[Kcandidate: ‘[01m[Ktemplate<class ServiceT> typename rclcpp::Client<ServiceT>::SharedPtr rclcpp::Node::create_client(const string&, const rmw_qos_profile_t&, rclcpp::CallbackGroup::SharedPtr)[m[K’
[2.440s]   252 |   [01;36m[Kcreate_client[m[K(
[2.440s]       |   [01;36m[K^~~~~~~~~~~~~[m[K
[2.440s] [01m[K/opt/ros/humble/include/rclcpp/rclcpp/node.hpp:252:3:[m[K [01;36m[Knote: [m[K  template argument deduction/substitution failed:
[2.440s] [01m[K/home/farelfebryan/workspace/src/tugas3/src/turtle_draw.cpp:16:59:[m[K [01;31m[Kerror: [m[Ktemplate argument 1 is invalid
[2.440s]    16 |     killTurtle = [01;31m[Kthis->create_client<turtlesim::srv::Kill>("/kill")[m[K;
[2.440s]       |                  [01;31m[K~~~~~~~~~~~~~~~~~~~~~~~~~~~~~~~~~~~~~~~~~^~~~~~~~~[m[K
[2.446s] [01m[K/home/farelfebryan/workspace/src/tugas3/src/turtle_draw.cpp:17:5:[m[K [01;31m[Kerror: [m[K‘[01m[KspawnTurtle[m[K’ was not declared in this scope
[2.446s]    17 |     [01;31m[KspawnTurtle[m[K = this->create_client<turtlesim::srv::Spawn>("/spawn");
[2.446s]       |     [01;31m[K^~~~~~~~~~~[m[K
[2.446s] [01m[K/home/farelfebryan/workspace/src/tugas3/src/turtle_draw.cpp:17:55:[m[K [01;31m[Kerror: [m[K‘[01m[KSpawn[m[K’ is not a member of ‘[01m[Kturtlesim::srv[m[K’
[2.447s]    17 |     spawnTurtle = this->create_client<turtlesim::srv::[01;31m[KSpawn[m[K>("/spawn");
[2.447s]       |                                                       [01;31m[K^~~~~[m[K
[2.447s] [01m[K/home/farelfebryan/workspace/src/tugas3/src/turtle_draw.cpp:17:61:[m[K [01;31m[Kerror: [m[Kno matching function for call to ‘[01m[KVerticalLinear::create_client<<expression error> >(const char [7])[m[K’
[2.447s]    17 |     spawnTurtle = [01;31m[Kthis->create_client<turtlesim::srv::Spawn>("/spawn")[m[K;
[2.447s]       |                   [01;31m[K~~~~~~~~~~~~~~~~~~~~~~~~~~~~~~~~~~~~~~~~~~^~~~~~~~~~[m[K
[2.447s] In file included from [01m[K/opt/ros/humble/include/rclcpp/rclcpp/executors/single_threaded_executor.hpp:28[m[K,
[2.447s]                  from [01m[K/opt/ros/humble/include/rclcpp/rclcpp/executors.hpp:22[m[K,
[2.447s]                  from [01m[K/opt/ros/humble/include/rclcpp/rclcpp/rclcpp.hpp:155[m[K,
[2.447s]                  from [01m[K/home/farelfebryan/workspace/src/tugas3/src/turtle_draw.cpp:1[m[K:
[2.447s] [01m[K/opt/ros/humble/include/rclcpp/rclcpp/node.hpp:252:3:[m[K [01;36m[Knote: [m[Kcandidate: ‘[01m[Ktemplate<class ServiceT> typename rclcpp::Client<ServiceT>::SharedPtr rclcpp::Node::create_client(const string&, const rmw_qos_profile_t&, rclcpp::CallbackGroup::SharedPtr)[m[K’
[2.447s]   252 |   [01;36m[Kcreate_client[m[K(
[2.447s]       |   [01;36m[K^~~~~~~~~~~~~[m[K
[2.447s] [01m[K/opt/ros/humble/include/rclcpp/rclcpp/node.hpp:252:3:[m[K [01;36m[Knote: [m[K  template argument deduction/substitution failed:
[2.447s] [01m[K/home/farelfebryan/workspace/src/tugas3/src/turtle_draw.cpp:17:61:[m[K [01;31m[Kerror: [m[Ktemplate argument 1 is invalid
[2.447s]    17 |     spawnTurtle = [01;31m[Kthis->create_client<turtlesim::srv::Spawn>("/spawn")[m[K;
[2.447s]       |                   [01;31m[K~~~~~~~~~~~~~~~~~~~~~~~~~~~~~~~~~~~~~~~~~~^~~~~~~~~~[m[K
[2.453s] [01m[K/home/farelfebryan/workspace/src/tugas3/src/turtle_draw.cpp:[m[K In member function ‘[01m[Kvoid VerticalLinear::setpen(int, int, int)[m[K’:
[2.453s] [01m[K/home/farelfebryan/workspace/src/tugas3/src/turtle_draw.cpp:66:57:[m[K [01;31m[Kerror: [m[K‘[01m[KSetPen[m[K’ is not a member of ‘[01m[Kturtlesim::srv[m[K’
[2.453s]    66 |         auto request = std::make_shared<turtlesim::srv::[01;31m[KSetPen[m[K::Request>();
[2.453s]       |                                                         [01;31m[K^~~~~~[m[K
[2.453s] [01m[K/home/farelfebryan/workspace/src/tugas3/src/turtle_draw.cpp:66:29:[m[K [01;31m[Kerror: [m[Kparse error in template argument list
[2.453s]    66 |         auto request = std::[01;31m[Kmake_shared<turtlesim::srv::SetPen::Request>[m[K();
[2.453s]       |                             [01;31m[K^~~~~~~~~~~~~~~~~~~~~~~~~~~~~~~~~~~~~~~~~~~~[m[K
[2.453s] [01m[K/home/farelfebryan/workspace/src/tugas3/src/turtle_draw.cpp:66:73:[m[K [01;31m[Kerror: [m[Kno matching function for call to ‘[01m[Kmake_shared<<expression error> >()[m[K’
[2.453s]    66 |         auto request = [01;31m[Kstd::make_shared<turtlesim::srv::SetPen::Request>()[m[K;
[2.453s]       |                        [01;31m[K~~~~~~~~~~~~~~~~~~~~~~~~~~~~~~~~~~~~~~~~~~~~~~~~~^~[m[K
[2.453s] In file included from [01m[K/usr/include/c++/11/memory:77[m[K,
[2.453s]                  from [01m[K/opt/ros/humble/include/rclcpp/rclcpp/rclcpp.hpp:153[m[K,
[2.453s]                  from [01m[K/home/farelfebryan/workspace/src/tugas3/src/turtle_draw.cpp:1[m[K:
[2.453s] [01m[K/usr/include/c++/11/bits/shared_ptr.h:875:5:[m[K [01;36m[Knote: [m[Kcandidate: ‘[01m[Ktemplate<class _Tp, class ... _Args> std::shared_ptr<_Tp> std::make_shared(_Args&& ...)[m[K’
[2.454s]   875 |     [01;36m[Kmake_shared[m[K(_Args&&... __args)
[2.454s]       |     [01;36m[K^~~~~~~~~~~[m[K
[2.454s] [01m[K/usr/include/c++/11/bits/shared_ptr.h:875:5:[m[K [01;36m[Knote: [m[K  template argument deduction/substitution failed:
[2.454s] [01m[K/home/farelfebryan/workspace/src/tugas3/src/turtle_draw.cpp:66:73:[m[K [01;31m[Kerror: [m[Ktemplate argument 1 is invalid
[2.454s]    66 |         auto request = [01;31m[Kstd::make_shared<turtlesim::srv::SetPen::Request>()[m[K;
[2.454s]       |                        [01;31m[K~~~~~~~~~~~~~~~~~~~~~~~~~~~~~~~~~~~~~~~~~~~~~~~~~^~[m[K
[2.457s] [01m[K/home/farelfebryan/workspace/src/tugas3/src/turtle_draw.cpp:71:24:[m[K [01;31m[Kerror: [m[K‘[01m[Koff[m[K’ was not declared in this scope
[2.457s]    71 |         request->off = [01;31m[Koff[m[K;
[2.457s]       |                        [01;31m[K^~~[m[K
[2.461s] [01m[K/home/farelfebryan/workspace/src/tugas3/src/turtle_draw.cpp:73:23:[m[K [01;31m[Kerror: [m[K‘[01m[KsetPen[m[K’ was not declared in this scope; did you mean ‘[01m[Ksetpen[m[K’?
[2.461s]    73 |         auto future = [01;31m[KsetPen[m[K-> async_send_request(request);
[2.461s]       |                       [01;31m[K^~~~~~[m[K
[2.461s]       |                       [32m[Ksetpen[m[K
[2.466s] In file included from [01m[K/opt/ros/humble/include/rclcpp/rclcpp/logging.hpp:24[m[K,
[2.466s]                  from [01m[K/opt/ros/humble/include/rclcpp/rclcpp/client.hpp:40[m[K,
[2.466s]                  from [01m[K/opt/ros/humble/include/rclcpp/rclcpp/callback_group.hpp:24[m[K,
[2.466s]                  from [01m[K/opt/ros/humble/include/rclcpp/rclcpp/any_executable.hpp:20[m[K,
[2.466s]                  from [01m[K/opt/ros/humble/include/rclcpp/rclcpp/memory_strategy.hpp:25[m[K,
[2.466s]                  from [01m[K/opt/ros/humble/include/rclcpp/rclcpp/memory_strategies.hpp:18[m[K,
[2.466s]                  from [01m[K/opt/ros/humble/include/rclcpp/rclcpp/executor_options.hpp:20[m[K,
[2.466s]                  from [01m[K/opt/ros/humble/include/rclcpp/rclcpp/executor.hpp:37[m[K,
[2.466s]                  from [01m[K/opt/ros/humble/include/rclcpp/rclcpp/executors/multi_threaded_executor.hpp:25[m[K,
[2.467s]                  from [01m[K/opt/ros/humble/include/rclcpp/rclcpp/executors.hpp:21[m[K,
[2.467s]                  from [01m[K/opt/ros/humble/include/rclcpp/rclcpp/rclcpp.hpp:155[m[K,
[2.467s]                  from [01m[K/home/farelfebryan/workspace/src/tugas3/src/turtle_draw.cpp:1[m[K:
[2.467s] [01m[K/home/farelfebryan/workspace/src/tugas3/src/turtle_draw.cpp:78:34:[m[K [01;31m[Kerror: [m[K‘[01m[Kwidth[m[K’ was not declared in this scope; did you mean ‘[01m[Kwcwidth[m[K’?
[2.467s]    78 |                         r, g, b, [01;31m[Kwidth[m[K, off ? "true" : "false");
[2.467s]       |                                  [01;31m[K^~~~~[m[K
[3.425s] gmake[2]: *** [CMakeFiles/turtle_draw.dir/build.make:76: CMakeFiles/turtle_draw.dir/src/turtle_draw.cpp.o] Error 1
[3.426s] gmake[1]: *** [CMakeFiles/Makefile2:137: CMakeFiles/turtle_draw.dir/all] Error 2
[3.426s] gmake: *** [Makefile:146: all] Error 2
[3.428s] Invoked command in '/home/farelfebryan/workspace/build/tugas3' returned '2': CMAKE_PREFIX_PATH=${CMAKE_PREFIX_PATH}:/opt/ros/humble /usr/bin/cmake --build /home/farelfebryan/workspace/build/tugas3 -- -j8 -l8
