[0.014s] Invoking command in '/home/farelfebryan/workspace/build/tugas3': CMAKE_PREFIX_PATH=${CMAKE_PREFIX_PATH}:/opt/ros/humble /usr/bin/cmake --build /home/farelfebryan/workspace/build/tugas3 -- -j8 -l8
[0.052s] [35m[1mConsolidate compiler generated dependencies of target turtle_draw[0m
[0.067s] [100%] Built target turtle_draw
[0.078s] Invoked command in '/home/farelfebryan/workspace/build/tugas3' returned '0': CMAKE_PREFIX_PATH=${CMAKE_PREFIX_PATH}:/opt/ros/humble /usr/bin/cmake --build /home/farelfebryan/workspace/build/tugas3 -- -j8 -l8
[0.108s] Invoking command in '/home/farelfebryan/workspace/build/tugas3': CMAKE_PREFIX_PATH=${CMAKE_PREFIX_PATH}:/opt/ros/humble /usr/bin/cmake --install /home/farelfebryan/workspace/build/tugas3
[0.115s] -- Install configuration: ""
[0.115s] -- Up-to-date: /home/farelfebryan/workspace/install/tugas3/lib/tugas3/turtle_draw
[0.115s] -- Up-to-date: /home/farelfebryan/workspace/install/tugas3/share/ament_index/resource_index/package_run_dependencies/tugas3
[0.115s] -- Up-to-date: /home/farelfebryan/workspace/install/tugas3/share/ament_index/resource_index/parent_prefix_path/tugas3
[0.115s] -- Up-to-date: /home/farelfebryan/workspace/install/tugas3/share/tugas3/environment/ament_prefix_path.sh
[0.116s] -- Up-to-date: /home/farelfebryan/workspace/install/tugas3/share/tugas3/environment/ament_prefix_path.dsv
[0.116s] -- Up-to-date: /home/farelfebryan/workspace/install/tugas3/share/tugas3/environment/path.sh
[0.116s] -- Up-to-date: /home/farelfebryan/workspace/install/tugas3/share/tugas3/environment/path.dsv
[0.116s] -- Up-to-date: /home/farelfebryan/workspace/install/tugas3/share/tugas3/local_setup.bash
[0.116s] -- Up-to-date: /home/farelfebryan/workspace/install/tugas3/share/tugas3/local_setup.sh
[0.116s] -- Up-to-date: /home/farelfebryan/workspace/install/tugas3/share/tugas3/local_setup.zsh
[0.116s] -- Up-to-date: /home/farelfebryan/workspace/install/tugas3/share/tugas3/local_setup.dsv
[0.116s] -- Installing: /home/farelfebryan/workspace/install/tugas3/share/tugas3/package.dsv
[0.116s] -- Up-to-date: /home/farelfebryan/workspace/install/tugas3/share/ament_index/resource_index/packages/tugas3
[0.116s] -- Up-to-date: /home/farelfebryan/workspace/install/tugas3/share/tugas3/cmake/tugas3Config.cmake
[0.116s] -- Up-to-date: /home/farelfebryan/workspace/install/tugas3/share/tugas3/cmake/tugas3Config-version.cmake
[0.117s] -- Up-to-date: /home/farelfebryan/workspace/install/tugas3/share/tugas3/package.xml
[0.118s] Invoked command in '/home/farelfebryan/workspace/build/tugas3' returned '0': CMAKE_PREFIX_PATH=${CMAKE_PREFIX_PATH}:/opt/ros/humble /usr/bin/cmake --install /home/farelfebryan/workspace/build/tugas3
