[35m[1mConsolidate compiler generated dependencies of target turtle_draw[0m
[ 50%] [32mBuilding CXX object CMakeFiles/turtle_draw.dir/src/turtle_draw.cpp.o[0m
[100%] [32m[1mLinking CXX executable turtle_draw[0m
[100%] Built target turtle_draw
-- Install configuration: ""
-- Installing: /home/farelfebryan/workspace/install/tugas3/lib/tugas3/turtle_draw
-- Set runtime path of "/home/farelfebryan/workspace/install/tugas3/lib/tugas3/turtle_draw" to ""
-- Installing: /home/farelfebryan/workspace/install/tugas3/share/ament_index/resource_index/package_run_dependencies/tugas3
-- Installing: /home/farelfebryan/workspace/install/tugas3/share/ament_index/resource_index/parent_prefix_path/tugas3
-- Up-to-date: /home/farelfebryan/workspace/install/tugas3/share/tugas3/environment/ament_prefix_path.sh
-- Installing: /home/farelfebryan/workspace/install/tugas3/share/tugas3/environment/ament_prefix_path.dsv
-- Up-to-date: /home/farelfebryan/workspace/install/tugas3/share/tugas3/environment/path.sh
-- Installing: /home/farelfebryan/workspace/install/tugas3/share/tugas3/environment/path.dsv
-- Up-to-date: /home/farelfebryan/workspace/install/tugas3/share/tugas3/local_setup.bash
-- Up-to-date: /home/farelfebryan/workspace/install/tugas3/share/tugas3/local_setup.sh
-- Up-to-date: /home/farelfebryan/workspace/install/tugas3/share/tugas3/local_setup.zsh
-- Installing: /home/farelfebryan/workspace/install/tugas3/share/tugas3/local_setup.dsv
-- Installing: /home/farelfebryan/workspace/install/tugas3/share/tugas3/package.dsv
-- Up-to-date: /home/farelfebryan/workspace/install/tugas3/share/ament_index/resource_index/packages/tugas3
-- Up-to-date: /home/farelfebryan/workspace/install/tugas3/share/tugas3/cmake/tugas3Config.cmake
-- Up-to-date: /home/farelfebryan/workspace/install/tugas3/share/tugas3/cmake/tugas3Config-version.cmake
-- Installing: /home/farelfebryan/workspace/install/tugas3/share/tugas3/package.xml
