-- Found ament_cmake: 1.3.10 (/opt/ros/humble/share/ament_cmake/cmake)
-- Found rclcpp: 16.0.10 (/opt/ros/humble/share/rclcpp/cmake)
-- Found rosidl_generator_c: 3.1.5 (/opt/ros/humble/share/rosidl_generator_c/cmake)
-- Found rosidl_adapter: 3.1.5 (/opt/ros/humble/share/rosidl_adapter/cmake)
-- Found rosidl_generator_cpp: 3.1.5 (/opt/ros/humble/share/rosidl_generator_cpp/cmake)
-- Using all available rosidl_typesupport_c: rosidl_typesupport_fastrtps_c;rosidl_typesupport_introspection_c
-- Using all available rosidl_typesupport_cpp: rosidl_typesupport_fastrtps_cpp;rosidl_typesupport_introspection_cpp
-- Found rmw_implementation_cmake: 6.1.2 (/opt/ros/humble/share/rmw_implementation_cmake/cmake)
-- Found rmw_fastrtps_cpp: 6.2.7 (/opt/ros/humble/share/rmw_fastrtps_cpp/cmake)
-- Using RMW implementation 'rmw_fastrtps_cpp' as default
-- Found geometry_msgs: 4.2.4 (/opt/ros/humble/share/geometry_msgs/cmake)
-- Found ament_lint_auto: 0.12.11 (/opt/ros/humble/share/ament_lint_auto/cmake)
-- Added test 'cppcheck' to perform static code analysis on C / C++ code
-- Configured cppcheck include dirs: 
-- Configured cppcheck exclude dirs and/or files: 
-- Added test 'lint_cmake' to check CMake code style
-- Added test 'uncrustify' to check C / C++ code style
-- Configured uncrustify additional arguments: 
-- Added test 'xmllint' to check XML markup files
-- Configuring done
-- Generating done
-- Build files have been written to: /home/farelfebryan/workspace/build/tugas3
[ 50%] [32mBuilding CXX object CMakeFiles/turtle_draw.dir/src/turtle_draw.cpp.o[0m
[100%] [32m[1mLinking CXX executable turtle_draw[0m
[100%] Built target turtle_draw
-- Install configuration: ""
-- Installing: /home/farelfebryan/workspace/install/tugas3/lib/tugas3/turtle_draw
-- Set runtime path of "/home/farelfebryan/workspace/install/tugas3/lib/tugas3/turtle_draw" to ""
-- Up-to-date: /home/farelfebryan/workspace/install/tugas3/share/ament_index/resource_index/package_run_dependencies/tugas3
-- Up-to-date: /home/farelfebryan/workspace/install/tugas3/share/ament_index/resource_index/parent_prefix_path/tugas3
-- Up-to-date: /home/farelfebryan/workspace/install/tugas3/share/tugas3/environment/ament_prefix_path.sh
-- Installing: /home/farelfebryan/workspace/install/tugas3/share/tugas3/environment/ament_prefix_path.dsv
-- Up-to-date: /home/farelfebryan/workspace/install/tugas3/share/tugas3/environment/path.sh
-- Installing: /home/farelfebryan/workspace/install/tugas3/share/tugas3/environment/path.dsv
-- Up-to-date: /home/farelfebryan/workspace/install/tugas3/share/tugas3/local_setup.bash
-- Up-to-date: /home/farelfebryan/workspace/install/tugas3/share/tugas3/local_setup.sh
-- Up-to-date: /home/farelfebryan/workspace/install/tugas3/share/tugas3/local_setup.zsh
-- Installing: /home/farelfebryan/workspace/install/tugas3/share/tugas3/local_setup.dsv
-- Installing: /home/farelfebryan/workspace/install/tugas3/share/tugas3/package.dsv
-- Up-to-date: /home/farelfebryan/workspace/install/tugas3/share/ament_index/resource_index/packages/tugas3
-- Up-to-date: /home/farelfebryan/workspace/install/tugas3/share/tugas3/cmake/tugas3Config.cmake
-- Up-to-date: /home/farelfebryan/workspace/install/tugas3/share/tugas3/cmake/tugas3Config-version.cmake
-- Up-to-date: /home/farelfebryan/workspace/install/tugas3/share/tugas3/package.xml
