[ 50%] [32mBuilding CXX object CMakeFiles/turtle_draw.dir/src/turtle_draw.cpp.o[0m
[01m[K/home/farelfebryan/workspace/src/tugas3/src/turtle_draw.cpp:[m[K In member function ‘[01m[Kvoid VerticalLinear::spawn_turtle(float, float, float, const string&)[m[K’:
[01m[K/home/farelfebryan/workspace/src/tugas3/src/turtle_draw.cpp:62:47:[m[K [01;35m[Kwarning: [m[Kunused parameter ‘[01m[Ktheta[m[K’ [[01;35m[K]8;;https://gcc.gnu.org/onlinedocs/gcc/Warning-Options.html#index-Wunused-parameter-Wunused-parameter]8;;[m[K]
   62 |     void spawn_turtle(float x, float y, [01;35m[Kfloat theta[m[K, const std::string &name = "")
      |                                         [01;35m[K~~~~~~^~~~~[m[K
[100%] [32m[1mLinking CXX executable turtle_draw[0m
[100%] Built target turtle_draw
-- Install configuration: ""
-- Installing: /home/farelfebryan/workspace/install/tugas3/lib/tugas3/turtle_draw
-- Set runtime path of "/home/farelfebryan/workspace/install/tugas3/lib/tugas3/turtle_draw" to ""
-- Up-to-date: /home/farelfebryan/workspace/install/tugas3/share/ament_index/resource_index/package_run_dependencies/tugas3
-- Up-to-date: /home/farelfebryan/workspace/install/tugas3/share/ament_index/resource_index/parent_prefix_path/tugas3
-- Up-to-date: /home/farelfebryan/workspace/install/tugas3/share/tugas3/environment/ament_prefix_path.sh
-- Up-to-date: /home/farelfebryan/workspace/install/tugas3/share/tugas3/environment/ament_prefix_path.dsv
-- Up-to-date: /home/farelfebryan/workspace/install/tugas3/share/tugas3/environment/path.sh
-- Up-to-date: /home/farelfebryan/workspace/install/tugas3/share/tugas3/environment/path.dsv
-- Up-to-date: /home/farelfebryan/workspace/install/tugas3/share/tugas3/local_setup.bash
-- Up-to-date: /home/farelfebryan/workspace/install/tugas3/share/tugas3/local_setup.sh
-- Up-to-date: /home/farelfebryan/workspace/install/tugas3/share/tugas3/local_setup.zsh
-- Up-to-date: /home/farelfebryan/workspace/install/tugas3/share/tugas3/local_setup.dsv
-- Installing: /home/farelfebryan/workspace/install/tugas3/share/tugas3/package.dsv
-- Up-to-date: /home/farelfebryan/workspace/install/tugas3/share/ament_index/resource_index/packages/tugas3
-- Up-to-date: /home/farelfebryan/workspace/install/tugas3/share/tugas3/cmake/tugas3Config.cmake
-- Up-to-date: /home/farelfebryan/workspace/install/tugas3/share/tugas3/cmake/tugas3Config-version.cmake
-- Up-to-date: /home/farelfebryan/workspace/install/tugas3/share/tugas3/package.xml
