[0.010s] Invoking command in '/home/farelfebryan/workspace/build/tugas3': CMAKE_PREFIX_PATH=${CMAKE_PREFIX_PATH}:/opt/ros/humble /usr/bin/cmake --build /home/farelfebryan/workspace/build/tugas3 -- -j8 -l8
[0.058s] [ 50%] [32mBuilding CXX object CMakeFiles/turtle_draw.dir/src/turtle_draw.cpp.o[0m
[2.502s] [01m[K/home/farelfebryan/workspace/src/tugas3/src/turtle_draw.cpp:[m[K In member function ‘[01m[Kvoid VerticalLinear::spawn_turtle(float, float, float, const string&)[m[K’:
[2.502s] [01m[K/home/farelfebryan/workspace/src/tugas3/src/turtle_draw.cpp:62:47:[m[K [01;35m[Kwarning: [m[Kunused parameter ‘[01m[Ktheta[m[K’ [[01;35m[K]8;;https://gcc.gnu.org/onlinedocs/gcc/Warning-Options.html#index-Wunused-parameter-Wunused-parameter]8;;[m[K]
[2.502s]    62 |     void spawn_turtle(float x, float y, [01;35m[Kfloat theta[m[K, const std::string &name = "")
[2.502s]       |                                         [01;35m[K~~~~~~^~~~~[m[K
[5.804s] [100%] [32m[1mLinking CXX executable turtle_draw[0m
[6.058s] [100%] Built target turtle_draw
[6.068s] Invoked command in '/home/farelfebryan/workspace/build/tugas3' returned '0': CMAKE_PREFIX_PATH=${CMAKE_PREFIX_PATH}:/opt/ros/humble /usr/bin/cmake --build /home/farelfebryan/workspace/build/tugas3 -- -j8 -l8
[6.098s] Invoking command in '/home/farelfebryan/workspace/build/tugas3': CMAKE_PREFIX_PATH=${CMAKE_PREFIX_PATH}:/opt/ros/humble /usr/bin/cmake --install /home/farelfebryan/workspace/build/tugas3
[6.105s] -- Install configuration: ""
[6.106s] -- Installing: /home/farelfebryan/workspace/install/tugas3/lib/tugas3/turtle_draw
[6.109s] -- Set runtime path of "/home/farelfebryan/workspace/install/tugas3/lib/tugas3/turtle_draw" to ""
[6.109s] -- Up-to-date: /home/farelfebryan/workspace/install/tugas3/share/ament_index/resource_index/package_run_dependencies/tugas3
[6.109s] -- Up-to-date: /home/farelfebryan/workspace/install/tugas3/share/ament_index/resource_index/parent_prefix_path/tugas3
[6.109s] -- Up-to-date: /home/farelfebryan/workspace/install/tugas3/share/tugas3/environment/ament_prefix_path.sh
[6.109s] -- Up-to-date: /home/farelfebryan/workspace/install/tugas3/share/tugas3/environment/ament_prefix_path.dsv
[6.110s] -- Up-to-date: /home/farelfebryan/workspace/install/tugas3/share/tugas3/environment/path.sh
[6.110s] -- Up-to-date: /home/farelfebryan/workspace/install/tugas3/share/tugas3/environment/path.dsv
[6.110s] -- Up-to-date: /home/farelfebryan/workspace/install/tugas3/share/tugas3/local_setup.bash
[6.110s] -- Up-to-date: /home/farelfebryan/workspace/install/tugas3/share/tugas3/local_setup.sh
[6.110s] -- Up-to-date: /home/farelfebryan/workspace/install/tugas3/share/tugas3/local_setup.zsh
[6.110s] -- Up-to-date: /home/farelfebryan/workspace/install/tugas3/share/tugas3/local_setup.dsv
[6.110s] -- Installing: /home/farelfebryan/workspace/install/tugas3/share/tugas3/package.dsv
[6.110s] -- Up-to-date: /home/farelfebryan/workspace/install/tugas3/share/ament_index/resource_index/packages/tugas3
[6.111s] -- Up-to-date: /home/farelfebryan/workspace/install/tugas3/share/tugas3/cmake/tugas3Config.cmake
[6.111s] -- Up-to-date: /home/farelfebryan/workspace/install/tugas3/share/tugas3/cmake/tugas3Config-version.cmake
[6.111s] -- Up-to-date: /home/farelfebryan/workspace/install/tugas3/share/tugas3/package.xml
[6.112s] Invoked command in '/home/farelfebryan/workspace/build/tugas3' returned '0': CMAKE_PREFIX_PATH=${CMAKE_PREFIX_PATH}:/opt/ros/humble /usr/bin/cmake --install /home/farelfebryan/workspace/build/tugas3
