[0.009s] Invoking command in '/home/farelfebryan/workspace/build/tugas3': CMAKE_PREFIX_PATH=/opt/ros/humble /usr/bin/cmake /home/farelfebryan/workspace/src/tugas3 -DCMAKE_INSTALL_PREFIX=/home/farelfebryan/workspace/install/tugas3
[0.054s] -- The C compiler identification is GNU 11.4.0
[0.102s] -- The CXX compiler identification is GNU 11.4.0
[0.109s] -- Detecting C compiler ABI info
[0.170s] -- Detecting C compiler ABI info - done
[0.178s] -- Check for working C compiler: /usr/bin/cc - skipped
[0.179s] -- Detecting C compile features
[0.179s] -- Detecting C compile features - done
[0.182s] -- Detecting CXX compiler ABI info
[0.262s] -- Detecting CXX compiler ABI info - done
[0.270s] -- Check for working CXX compiler: /usr/bin/c++ - skipped
[0.270s] -- Detecting CXX compile features
[0.271s] -- Detecting CXX compile features - done
[0.272s] -- Found ament_cmake: 1.3.10 (/opt/ros/humble/share/ament_cmake/cmake)
[0.414s] -- Found Python3: /usr/bin/python3 (found version "3.10.12") found components: Interpreter 
[0.496s] -- Found ament_lint_auto: 0.12.11 (/opt/ros/humble/share/ament_lint_auto/cmake)
[0.566s] -- Added test 'lint_cmake' to check CMake code style
[0.567s] -- Added test 'xmllint' to check XML markup files
[0.568s] -- Configuring done
[0.570s] -- Generating done
[0.571s] -- Build files have been written to: /home/farelfebryan/workspace/build/tugas3
[0.575s] Invoked command in '/home/farelfebryan/workspace/build/tugas3' returned '0': CMAKE_PREFIX_PATH=/opt/ros/humble /usr/bin/cmake /home/farelfebryan/workspace/src/tugas3 -DCMAKE_INSTALL_PREFIX=/home/farelfebryan/workspace/install/tugas3
[0.577s] Invoking command in '/home/farelfebryan/workspace/build/tugas3': CMAKE_PREFIX_PATH=/opt/ros/humble /usr/bin/cmake --build /home/farelfebryan/workspace/build/tugas3 -- -j8 -l8
[0.609s] Invoked command in '/home/farelfebryan/workspace/build/tugas3' returned '0': CMAKE_PREFIX_PATH=/opt/ros/humble /usr/bin/cmake --build /home/farelfebryan/workspace/build/tugas3 -- -j8 -l8
[0.638s] Invoking command in '/home/farelfebryan/workspace/build/tugas3': CMAKE_PREFIX_PATH=/opt/ros/humble /usr/bin/cmake --install /home/farelfebryan/workspace/build/tugas3
[0.645s] -- Install configuration: ""
[0.645s] -- Installing: /home/farelfebryan/workspace/install/tugas3/share/ament_index/resource_index/package_run_dependencies/tugas3
[0.646s] -- Installing: /home/farelfebryan/workspace/install/tugas3/share/ament_index/resource_index/parent_prefix_path/tugas3
[0.646s] -- Installing: /home/farelfebryan/workspace/install/tugas3/share/tugas3/environment/ament_prefix_path.sh
[0.646s] -- Installing: /home/farelfebryan/workspace/install/tugas3/share/tugas3/environment/ament_prefix_path.dsv
[0.646s] -- Installing: /home/farelfebryan/workspace/install/tugas3/share/tugas3/environment/path.sh
[0.646s] -- Installing: /home/farelfebryan/workspace/install/tugas3/share/tugas3/environment/path.dsv
[0.646s] -- Installing: /home/farelfebryan/workspace/install/tugas3/share/tugas3/local_setup.bash
[0.646s] -- Installing: /home/farelfebryan/workspace/install/tugas3/share/tugas3/local_setup.sh
[0.647s] -- Installing: /home/farelfebryan/workspace/install/tugas3/share/tugas3/local_setup.zsh
[0.647s] -- Installing: /home/farelfebryan/workspace/install/tugas3/share/tugas3/local_setup.dsv
[0.647s] -- Installing: /home/farelfebryan/workspace/install/tugas3/share/tugas3/package.dsv
[0.647s] -- Installing: /home/farelfebryan/workspace/install/tugas3/share/ament_index/resource_index/packages/tugas3
[0.647s] -- Installing: /home/farelfebryan/workspace/install/tugas3/share/tugas3/cmake/tugas3Config.cmake
[0.647s] -- Installing: /home/farelfebryan/workspace/install/tugas3/share/tugas3/cmake/tugas3Config-version.cmake
[0.647s] -- Installing: /home/farelfebryan/workspace/install/tugas3/share/tugas3/package.xml
[0.649s] Invoked command in '/home/farelfebryan/workspace/build/tugas3' returned '0': CMAKE_PREFIX_PATH=/opt/ros/humble /usr/bin/cmake --install /home/farelfebryan/workspace/build/tugas3
